RUN	performance.UserSimulation	usersimulation	1702769573632	 	3.9.5
USER	Get Booking	START	1702769573931
USER	Get Booking	START	1702769573931
USER	Get Booking	START	1702769573931
USER	Get Booking	START	1702769573976
USER	Get Booking	START	1702769574060
USER	Get Booking	START	1702769574160
USER	Get Booking	START	1702769574260
USER	Get Booking	START	1702769574360
USER	Get Booking	START	1702769574461
USER	Get Booking	START	1702769574561
USER	Get Booking	START	1702769574661
USER	Get Booking	START	1702769574764
USER	Get Booking	START	1702769574862
USER	Get Booking	START	1702769574964
USER	Get Booking	START	1702769575061
REQUEST		POST /auth	1702769574460	1702769575133	OK	 
USER	Get Booking	START	1702769575162
USER	Get Booking	START	1702769575261
USER	Get Booking	START	1702769575361
USER	Get Booking	START	1702769575461
USER	Get Booking	START	1702769575562
REQUEST		POST /booking	1702769575174	1702769575598	OK	 
REQUEST		POST /booking	1702769575173	1702769575600	OK	 
REQUEST		POST /booking	1702769575174	1702769575605	OK	 
REQUEST		POST /booking	1702769575174	1702769575604	OK	 
REQUEST		POST /booking	1702769575174	1702769575609	OK	 
REQUEST		POST /booking	1702769575173	1702769575609	OK	 
REQUEST		POST /booking	1702769575173	1702769575607	OK	 
REQUEST		POST /booking	1702769575173	1702769575612	OK	 
USER	Get Booking	START	1702769575661
REQUEST		GET /booking/392	1702769575616	1702769576046	OK	 
REQUEST		GET /booking/388	1702769575610	1702769576045	OK	 
REQUEST		GET /booking/391	1702769575610	1702769576046	OK	 
REQUEST		GET /booking/390	1702769575611	1702769576042	OK	 
REQUEST		GET /booking/389	1702769575612	1702769576046	OK	 
REQUEST		GET /booking/395	1702769575617	1702769576050	OK	 
REQUEST		GET /booking/393	1702769575614	1702769576049	OK	 
REQUEST		GET /booking/394	1702769575614	1702769576057	OK	 
REQUEST		POST /booking	1702769576071	1702769576497	OK	 
REQUEST		POST /booking	1702769576071	1702769576498	OK	 
REQUEST		POST /booking	1702769576075	1702769576497	OK	 
REQUEST		POST /booking	1702769576074	1702769576500	OK	 
REQUEST		POST /booking	1702769576072	1702769576504	OK	 
REQUEST		POST /booking	1702769576072	1702769576504	OK	 
REQUEST		POST /booking	1702769576070	1702769576504	OK	 
REQUEST		POST /booking	1702769576078	1702769576504	OK	 
REQUEST		GET /booking/404	1702769576503	1702769576931	OK	 
USER	Get Booking	END	1702769576933
USER	Get Booking	END	1702769576933
USER	Get Booking	END	1702769576933
USER	Get Booking	END	1702769576933
USER	Get Booking	END	1702769576933
USER	Get Booking	END	1702769576933
USER	Get Booking	END	1702769576933
USER	Get Booking	END	1702769576933
USER	Get Booking	END	1702769576933
REQUEST		GET /booking/405	1702769576504	1702769576934	OK	 
REQUEST		GET /booking/403	1702769576503	1702769576934	OK	 
REQUEST		GET /booking/408	1702769576508	1702769576938	OK	 
REQUEST		GET /booking/409	1702769576507	1702769576939	OK	 
REQUEST		GET /booking/410	1702769576508	1702769576941	OK	 
USER	Get Booking	END	1702769576942
USER	Get Booking	END	1702769576942
USER	Get Booking	END	1702769576942
USER	Get Booking	END	1702769576942
REQUEST		GET /booking/407	1702769576504	1702769576942	OK	 
USER	Get Booking	END	1702769576944
REQUEST		GET /booking/406	1702769576507	1702769576944	OK	 
USER	Get Booking	START	1702769576947
USER	Get Booking	START	1702769576948
USER	Get Booking	START	1702769576955
USER	Get Booking	START	1702769576955
USER	Get Booking	START	1702769576958
USER	Get Booking	START	1702769576959
USER	Get Booking	START	1702769576959
USER	Get Booking	START	1702769576959
USER	Get Booking	START	1702769576959
USER	Get Booking	START	1702769576959
USER	Get Booking	START	1702769576960
USER	Get Booking	START	1702769576960
USER	Get Booking	START	1702769576961
USER	Get Booking	START	1702769577058
USER	Get Booking	START	1702769577158
USER	Get Booking	START	1702769577258
USER	Get Booking	START	1702769577359
REQUEST		POST /booking	1702769576943	1702769577366	OK	 
REQUEST		POST /booking	1702769576945	1702769577366	OK	 
REQUEST		POST /booking	1702769576947	1702769577388	OK	 
REQUEST		POST /booking	1702769576962	1702769577398	OK	 
REQUEST		POST /booking	1702769576966	1702769577398	OK	 
REQUEST		POST /booking	1702769576965	1702769577399	OK	 
REQUEST		POST /booking	1702769576966	1702769577398	OK	 
REQUEST		POST /booking	1702769576959	1702769577399	OK	 
USER	Get Booking	START	1702769577458
USER	Get Booking	START	1702769577558
USER	Get Booking	START	1702769577658
USER	Get Booking	START	1702769577758
REQUEST		GET /booking/418	1702769577369	1702769577795	OK	 
REQUEST		GET /booking/419	1702769577369	1702769577798	OK	 
REQUEST		GET /booking/421	1702769577392	1702769577824	OK	 
REQUEST		GET /booking/425	1702769577401	1702769577825	OK	 
REQUEST		GET /booking/426	1702769577403	1702769577826	OK	 
REQUEST		GET /booking/422	1702769577402	1702769577827	OK	 
REQUEST		GET /booking/423	1702769577402	1702769577827	OK	 
REQUEST		GET /booking/424	1702769577402	1702769577835	OK	 
USER	Get Booking	START	1702769577858
USER	Get Booking	START	1702769577957
REQUEST		POST /booking	1702769577809	1702769578241	OK	 
REQUEST		POST /booking	1702769577809	1702769578246	OK	 
REQUEST		POST /booking	1702769577835	1702769578253	OK	 
REQUEST		POST /booking	1702769577833	1702769578254	OK	 
REQUEST		POST /booking	1702769577834	1702769578268	OK	 
REQUEST		POST /booking	1702769577840	1702769578271	OK	 
REQUEST		POST /booking	1702769577831	1702769578271	OK	 
REQUEST		POST /booking	1702769577834	1702769578277	OK	 
REQUEST		GET /booking/440	1702769578244	1702769578675	OK	 
REQUEST		GET /booking/442	1702769578255	1702769578683	OK	 
REQUEST		GET /booking/443	1702769578255	1702769578690	OK	 
REQUEST		GET /booking/441	1702769578249	1702769578690	OK	 
USER	Get Booking	END	1702769578692
USER	Get Booking	END	1702769578692
USER	Get Booking	END	1702769578692
USER	Get Booking	END	1702769578692
USER	Get Booking	END	1702769578692
USER	Get Booking	END	1702769578692
USER	Get Booking	END	1702769578692
USER	Get Booking	END	1702769578692
USER	Get Booking	END	1702769578692
USER	Get Booking	END	1702769578692
USER	Get Booking	END	1702769578692
USER	Get Booking	END	1702769578692
USER	Get Booking	END	1702769578692
USER	Get Booking	END	1702769578692
REQUEST		GET /booking/445	1702769578271	1702769578701	OK	 
USER	Get Booking	END	1702769578701
REQUEST		GET /booking/446	1702769578272	1702769578707	OK	 
USER	Get Booking	END	1702769578708
REQUEST		GET /booking/444	1702769578272	1702769578711	OK	 
REQUEST		GET /booking/447	1702769578279	1702769578722	OK	 
REQUEST		POST /booking	1702769578689	1702769579121	OK	 
REQUEST		POST /booking	1702769578699	1702769579123	OK	 
REQUEST		POST /booking	1702769578693	1702769579126	OK	 
REQUEST		POST /booking	1702769578699	1702769579131	OK	 
REQUEST		POST /booking	1702769578714	1702769579137	OK	 
REQUEST		POST /booking	1702769578707	1702769579139	OK	 
REQUEST		POST /booking	1702769578718	1702769579149	OK	 
REQUEST		POST /booking	1702769578730	1702769579169	OK	 
REQUEST		GET /booking/458	1702769579126	1702769579569	OK	 
REQUEST		GET /booking/460	1702769579141	1702769579577	OK	 
REQUEST		GET /booking/462	1702769579152	1702769579577	OK	 
USER	Get Booking	END	1702769579578
REQUEST		GET /booking/459	1702769579132	1702769579577	OK	 
USER	Get Booking	END	1702769579578
USER	Get Booking	END	1702769579578
REQUEST		GET /booking/456	1702769579126	1702769579577	OK	 
REQUEST		GET /booking/457	1702769579128	1702769579568	OK	 
USER	Get Booking	END	1702769579579
USER	Get Booking	END	1702769579579
USER	Get Booking	END	1702769579584
USER	Get Booking	END	1702769579584
USER	Get Booking	START	1702769579584
USER	Get Booking	START	1702769579584
USER	Get Booking	START	1702769579585
USER	Get Booking	START	1702769579585
USER	Get Booking	START	1702769579585
USER	Get Booking	START	1702769579586
REQUEST		GET /booking/461	1702769579139	1702769579584	OK	 
USER	Get Booking	START	1702769579586
USER	Get Booking	START	1702769579587
USER	Get Booking	START	1702769579587
USER	Get Booking	START	1702769579587
USER	Get Booking	START	1702769579587
USER	Get Booking	START	1702769579587
USER	Get Booking	START	1702769579588
USER	Get Booking	START	1702769579588
USER	Get Booking	START	1702769579588
USER	Get Booking	START	1702769579588
REQUEST		GET /booking/463	1702769579173	1702769579599	OK	 
USER	Get Booking	START	1702769579658
USER	Get Booking	START	1702769579758
USER	Get Booking	START	1702769579861
USER	Get Booking	START	1702769579969
REQUEST		POST /booking	1702769579599	1702769580051	OK	 
REQUEST		POST /booking	1702769579598	1702769580052	OK	 
REQUEST		POST /booking	1702769579593	1702769580052	OK	 
REQUEST		POST /booking	1702769579597	1702769580052	OK	 
REQUEST		POST /booking	1702769579600	1702769580039	OK	 
REQUEST		POST /booking	1702769579596	1702769580051	OK	 
REQUEST		POST /booking	1702769579597	1702769580051	OK	 
USER	Get Booking	START	1702769580057
REQUEST		POST /booking	1702769579607	1702769580069	OK	 
USER	Get Booking	START	1702769580158
USER	Get Booking	START	1702769580267
USER	Get Booking	START	1702769580363
USER	Get Booking	START	1702769580458
REQUEST		GET /booking/477	1702769580056	1702769580505	OK	 
USER	Get Booking	END	1702769580506
USER	Get Booking	END	1702769580506
USER	Get Booking	END	1702769580506
USER	Get Booking	END	1702769580506
REQUEST		GET /booking/475	1702769580055	1702769580509	OK	 
REQUEST		GET /booking/479	1702769580055	1702769580509	OK	 
REQUEST		GET /booking/473	1702769580055	1702769580513	OK	 
REQUEST		GET /booking/481	1702769580072	1702769580513	OK	 
REQUEST		GET /booking/476	1702769580056	1702769580513	OK	 
REQUEST		GET /booking/478	1702769580055	1702769580515	OK	 
REQUEST		GET /booking/474	1702769580055	1702769580536	OK	 
USER	Get Booking	START	1702769580558
REQUEST		POST /booking	1702769580514	1702769580956	OK	 
REQUEST		POST /booking	1702769580542	1702769580985	OK	 
REQUEST		POST /booking	1702769580541	1702769580986	OK	 
REQUEST		POST /booking	1702769580538	1702769580985	OK	 
REQUEST		POST /booking	1702769580543	1702769580986	OK	 
REQUEST		POST /booking	1702769580542	1702769580985	OK	 
REQUEST		POST /booking	1702769580540	1702769580985	OK	 
REQUEST		POST /booking	1702769580546	1702769580985	OK	 
REQUEST		GET /booking/492	1702769580990	1702769581423	OK	 
REQUEST		GET /booking/494	1702769580990	1702769581447	OK	 
REQUEST		GET /booking/497	1702769580990	1702769581447	OK	 
REQUEST		GET /booking/491	1702769580988	1702769581447	OK	 
USER	Get Booking	END	1702769581448
USER	Get Booking	END	1702769581448
USER	Get Booking	END	1702769581448
USER	Get Booking	END	1702769581448
USER	Get Booking	END	1702769581448
USER	Get Booking	END	1702769581449
USER	Get Booking	END	1702769581449
USER	Get Booking	END	1702769581449
USER	Get Booking	END	1702769581449
USER	Get Booking	END	1702769581449
REQUEST		GET /booking/496	1702769580988	1702769581446	OK	 
REQUEST		GET /booking/495	1702769580989	1702769581447	OK	 
USER	Get Booking	END	1702769581453
USER	Get Booking	END	1702769581453
REQUEST		GET /booking/490	1702769580983	1702769581448	OK	 
REQUEST		GET /booking/493	1702769580990	1702769581446	OK	 
USER	Get Booking	END	1702769581454
USER	Get Booking	END	1702769581454
REQUEST		POST /booking	1702769581460	1702769581885	OK	 
REQUEST		POST /booking	1702769581458	1702769581893	OK	 
REQUEST		POST /booking	1702769581452	1702769581895	OK	 
REQUEST		POST /booking	1702769581456	1702769581895	OK	 
REQUEST		POST /booking	1702769581461	1702769581896	OK	 
REQUEST		POST /booking	1702769581457	1702769581896	OK	 
REQUEST		POST /booking	1702769581461	1702769581899	OK	 
REQUEST		POST /booking	1702769581452	1702769581900	OK	 
REQUEST		GET /booking/502	1702769581888	1702769582312	OK	 
REQUEST		GET /booking/503	1702769581896	1702769582320	OK	 
REQUEST		GET /booking/507	1702769581901	1702769582325	OK	 
REQUEST		GET /booking/508	1702769581903	1702769582342	OK	 
REQUEST		GET /booking/504	1702769581900	1702769582342	OK	 
REQUEST		GET /booking/505	1702769581901	1702769582343	OK	 
USER	Get Booking	END	1702769582343
USER	Get Booking	END	1702769582343
USER	Get Booking	START	1702769582344
USER	Get Booking	START	1702769582345
USER	Get Booking	START	1702769582345
USER	Get Booking	START	1702769582345
USER	Get Booking	START	1702769582345
USER	Get Booking	START	1702769582345
USER	Get Booking	START	1702769582345
USER	Get Booking	START	1702769582345
USER	Get Booking	START	1702769582346
USER	Get Booking	START	1702769582346
USER	Get Booking	START	1702769582346
USER	Get Booking	START	1702769582346
USER	Get Booking	START	1702769582346
USER	Get Booking	START	1702769582346
USER	Get Booking	END	1702769582346
USER	Get Booking	START	1702769582346
USER	Get Booking	END	1702769582346
USER	Get Booking	END	1702769582346
USER	Get Booking	START	1702769582346
USER	Get Booking	END	1702769582346
USER	Get Booking	END	1702769582346
USER	Get Booking	START	1702769582346
REQUEST		GET /booking/506	1702769581900	1702769582343	OK	 
REQUEST		GET /booking/509	1702769581902	1702769582342	OK	 
USER	Get Booking	START	1702769582357
USER	Get Booking	START	1702769582457
USER	Get Booking	START	1702769582574
USER	Get Booking	START	1702769582658
USER	Get Booking	START	1702769582760
REQUEST		POST /booking	1702769582358	1702769582785	OK	 
REQUEST		POST /booking	1702769582356	1702769582787	OK	 
REQUEST		POST /booking	1702769582345	1702769582789	OK	 
REQUEST		POST /booking	1702769582357	1702769582790	OK	 
REQUEST		POST /booking	1702769582354	1702769582790	OK	 
REQUEST		POST /booking	1702769582355	1702769582792	OK	 
REQUEST		POST /booking	1702769582358	1702769582792	OK	 
REQUEST		POST /booking	1702769582354	1702769582794	OK	 
USER	Get Booking	START	1702769582858
USER	Get Booking	START	1702769582958
USER	Get Booking	START	1702769583057
USER	Get Booking	START	1702769583159
REQUEST		GET /booking/519	1702769582791	1702769583217	OK	 
REQUEST		GET /booking/515	1702769582789	1702769583221	OK	 
REQUEST		GET /booking/517	1702769582790	1702769583223	OK	 
REQUEST		GET /booking/521	1702769582792	1702769583226	OK	 
USER	Get Booking	START	1702769583257
REQUEST		GET /booking/518	1702769582794	1702769583258	OK	 
REQUEST		GET /booking/520	1702769582793	1702769583259	OK	 
REQUEST		GET /booking/522	1702769582796	1702769583261	OK	 
REQUEST		GET /booking/516	1702769582790	1702769583294	OK	 
REQUEST		POST /booking	1702769583226	1702769583665	OK	 
REQUEST		POST /booking	1702769583230	1702769583663	OK	 
REQUEST		POST /booking	1702769583231	1702769583663	OK	 
REQUEST		POST /booking	1702769583267	1702769583694	OK	 
REQUEST		POST /booking	1702769583267	1702769583696	OK	 
REQUEST		POST /booking	1702769583254	1702769583698	OK	 
REQUEST		POST /booking	1702769583267	1702769583702	OK	 
REQUEST		POST /booking	1702769583302	1702769583729	OK	 
REQUEST		GET /booking/531	1702769583683	1702769584118	OK	 
REQUEST		GET /booking/534	1702769583696	1702769584128	OK	 
REQUEST		GET /booking/533	1702769583683	1702769584130	OK	 
REQUEST		GET /booking/537	1702769583704	1702769584133	OK	 
REQUEST		GET /booking/535	1702769583697	1702769584137	OK	 
REQUEST		GET /booking/536	1702769583699	1702769584137	OK	 
REQUEST		GET /booking/532	1702769583682	1702769584144	OK	 
REQUEST		GET /booking/539	1702769583731	1702769584158	OK	 
REQUEST		POST /booking	1702769584142	1702769584581	OK	 
REQUEST		POST /booking	1702769584146	1702769584582	OK	 
REQUEST		POST /booking	1702769584147	1702769584580	OK	 
REQUEST		POST /booking	1702769584148	1702769584586	OK	 
REQUEST		POST /booking	1702769584148	1702769584588	OK	 
REQUEST		POST /booking	1702769584148	1702769584588	OK	 
REQUEST		POST /booking	1702769584163	1702769584591	OK	 
REQUEST		POST /booking	1702769584153	1702769584595	OK	 
REQUEST		GET /booking/549	1702769584585	1702769585022	OK	 
REQUEST		GET /booking/551	1702769584585	1702769585030	OK	 
REQUEST		GET /booking/550	1702769584585	1702769585026	OK	 
REQUEST		GET /booking/552	1702769584589	1702769585048	OK	 
REQUEST		GET /booking/553	1702769584590	1702769585048	OK	 
REQUEST		GET /booking/554	1702769584590	1702769585048	OK	 
USER	Get Booking	END	1702769585049
USER	Get Booking	END	1702769585049
USER	Get Booking	END	1702769585049
USER	Get Booking	END	1702769585049
USER	Get Booking	END	1702769585049
USER	Get Booking	END	1702769585049
USER	Get Booking	END	1702769585049
USER	Get Booking	END	1702769585049
USER	Get Booking	END	1702769585049
USER	Get Booking	END	1702769585049
USER	Get Booking	END	1702769585049
USER	Get Booking	END	1702769585049
USER	Get Booking	END	1702769585049
USER	Get Booking	END	1702769585049
USER	Get Booking	END	1702769585049
USER	Get Booking	END	1702769585049
USER	Get Booking	END	1702769585049
USER	Get Booking	END	1702769585049
USER	Get Booking	END	1702769585049
USER	Get Booking	END	1702769585049
USER	Get Booking	START	1702769585051
USER	Get Booking	START	1702769585052
USER	Get Booking	START	1702769585052
REQUEST		GET /booking/556	1702769584598	1702769585048	OK	 
REQUEST		GET /booking/555	1702769584593	1702769585025	OK	 
USER	Get Booking	END	1702769585055
USER	Get Booking	END	1702769585055
USER	Get Booking	END	1702769585056
USER	Get Booking	END	1702769585056
USER	Get Booking	END	1702769585056
USER	Get Booking	END	1702769585056
REQUEST		POST /booking	1702769585062	1702769585499	OK	 
REQUEST		POST /booking	1702769585062	1702769585501	OK	 
REQUEST		POST /booking	1702769585059	1702769585499	OK	 
REQUEST		POST /booking	1702769585059	1702769585505	OK	 
REQUEST		POST /booking	1702769585062	1702769585510	OK	 
REQUEST		POST /booking	1702769585063	1702769585511	OK	 
REQUEST		POST /booking	1702769585059	1702769585510	OK	 
REQUEST		POST /booking	1702769585062	1702769585510	OK	 
REQUEST		GET /booking/567	1702769585504	1702769585938	OK	 
REQUEST		GET /booking/573	1702769585514	1702769585952	OK	 
REQUEST		GET /booking/569	1702769585513	1702769585953	OK	 
USER	Get Booking	END	1702769585953
REQUEST		GET /booking/566	1702769585513	1702769585952	OK	 
REQUEST		GET /booking/570	1702769585515	1702769585955	OK	 
USER	Get Booking	END	1702769585956
USER	Get Booking	END	1702769585956
USER	Get Booking	END	1702769585956
REQUEST		GET /booking/572	1702769585515	1702769585956	OK	 
REQUEST		GET /booking/571	1702769585513	1702769585952	OK	 
USER	Get Booking	END	1702769585957
REQUEST		GET /booking/568	1702769585511	1702769585956	OK	 
USER	Get Booking	END	1702769585957
USER	Get Booking	END	1702769585957
USER	Get Booking	END	1702769585957
REQUEST		POST /booking	1702769585957	1702769586398	OK	 
REQUEST		POST /booking	1702769585958	1702769586414	OK	 
REQUEST		POST /booking	1702769585960	1702769586414	OK	 
REQUEST		POST /booking	1702769585957	1702769586414	OK	 
REQUEST		GET /booking/583	1702769586416	1702769586852	OK	 
USER	Get Booking	END	1702769586856
REQUEST		GET /booking/585	1702769586416	1702769586856	OK	 
USER	Get Booking	END	1702769586857
REQUEST		GET /booking/582	1702769586414	1702769586871	OK	 
REQUEST		GET /booking/584	1702769586416	1702769586871	OK	 
USER	Get Booking	END	1702769586872
USER	Get Booking	END	1702769586872
